2011.02.24 06:05 B C:\filetoserver\contact.php --> impulse2011.in /public_html contact.php
2011.02.24 06:05 B C:\filetoserver\home.php --> impulse2011.in /public_html home.php
2011.02.24 06:05 B C:\filetoserver\icontact.php --> impulse2011.in /public_html icontact.php
2011.02.24 06:05 B C:\filetoserver\index.php --> impulse2011.in /public_html index.php
2011.02.24 06:05 B C:\filetoserver\ipaperpresentation.php --> impulse2011.in /public_html ipaperpresentation.php
2011.02.24 06:05 B C:\filetoserver\iquiz.php --> impulse2011.in /public_html iquiz.php
2011.02.24 06:05 B C:\filetoserver\irobotics.php --> impulse2011.in /public_html irobotics.php
2011.02.24 06:05 B C:\filetoserver\ischedule.php --> impulse2011.in /public_html ischedule.php
2011.02.24 06:05 B C:\filetoserver\login.php --> impulse2011.in /public_html login.php
2011.02.24 06:05 B C:\filetoserver\logout.php --> impulse2011.in /public_html logout.php
2011.02.24 06:05 B C:\filetoserver\maxUpload.class.php --> impulse2011.in /public_html maxUpload.class.php
2011.02.24 06:05 B C:\filetoserver\msgToUser.php --> impulse2011.in /public_html msgToUser.php
2011.02.24 06:06 B C:\filetoserver\paperpresentation.php --> impulse2011.in /public_html paperpresentation.php
2011.02.24 06:06 B C:\filetoserver\quiz.php --> impulse2011.in /public_html quiz.php
2011.02.24 06:06 B C:\filetoserver\recaptchalib.php --> impulse2011.in /public_html recaptchalib.php
2011.02.24 06:06 B C:\filetoserver\register.php --> impulse2011.in /public_html register.php
2011.02.24 06:06 B C:\filetoserver\roadmap.php --> impulse2011.in /public_html roadmap.php
2011.02.24 06:06 B C:\filetoserver\robotics.php --> impulse2011.in /public_html robotics.php
2011.02.24 06:06 B C:\filetoserver\schedule.php --> impulse2011.in /public_html schedule.php
2011.02.24 06:06 B C:\filetoserver\style.css --> impulse2011.in /public_html style.css
2011.02.24 06:08 B C:\filetoserver\index.php --> impulse2011.in /public_html index.php
2011.02.24 10:27 B C:\filetoserver\index.php --> impulse2011.in /public_html index.php
2011.02.24 10:29 B C:\filetoserver\index.php --> impulse2011.in /public_html index.php
2011.02.24 10:33 B C:\filetoserver\index.php --> impulse2011.in /public_html index.php
2011.02.24 10:36 B C:\filetoserver\index.php --> impulse2011.in /public_html index.php
2011.02.24 10:56 B C:\filetoserver\contact.php --> impulse2011.in /www contact.php
2011.02.24 11:05 B C:\filetoserver\schedule.php --> impulse2011.in /www schedule.php
2011.02.24 11:08 B C:\filetoserver\robotics.php --> impulse2011.in /www robotics.php
2011.02.24 11:12 B C:\filetoserver\robotics.php --> impulse2011.in /www robotics.php
2011.02.24 11:19 B C:\filetoserver\robotics.php --> impulse2011.in /www robotics.php
2011.02.24 11:20 B C:\filetoserver\robotics.php --> impulse2011.in /www robotics.php
2011.02.24 11:24 B C:\filetoserver\robotics.php --> impulse2011.in /www robotics.php
2011.02.24 12:24 B C:\filetoserver\msgToUser.php --> impulse2011.in /www msgToUser.php
2011.02.24 12:28 B C:\filetoserver\msgToUser.php --> impulse2011.in /www msgToUser.php
2011.02.24 12:33 B C:\filetoserver\msgToUser.php --> impulse2011.in /www msgToUser.php
2011.02.24 12:41 B C:\filetoserver\msgToUser.php --> impulse2011.in /public_html msgToUser.php
2011.02.24 12:45 B C:\filetoserver\home.php --> impulse2011.in /public_html home.php
2011.02.24 12:45 B C:\filetoserver\icontact.php --> impulse2011.in /public_html icontact.php
2011.02.24 12:45 B C:\filetoserver\ipaperpresentation.php --> impulse2011.in /public_html ipaperpresentation.php
2011.02.24 12:45 B C:\filetoserver\iquiz.php --> impulse2011.in /public_html iquiz.php
2011.02.24 12:45 B C:\filetoserver\irobotics.php --> impulse2011.in /public_html irobotics.php
2011.02.24 12:45 B C:\filetoserver\ischedule.php --> impulse2011.in /public_html ischedule.php
2011.02.24 12:47 B C:\filetoserver\contact.php --> impulse2011.in /public_html contact.php
2011.02.24 12:48 B C:\filetoserver\home.php --> impulse2011.in /public_html home.php
2011.02.24 12:48 B C:\filetoserver\index.php --> impulse2011.in /public_html index.php
2011.02.24 12:48 B C:\filetoserver\ipaperpresentation.php --> impulse2011.in /public_html ipaperpresentation.php
2011.02.24 12:48 B C:\filetoserver\iquiz.php --> impulse2011.in /public_html iquiz.php
2011.02.24 12:48 B C:\filetoserver\irobotics.php --> impulse2011.in /public_html irobotics.php
2011.02.24 12:48 B C:\filetoserver\ischedule.php --> impulse2011.in /public_html ischedule.php
2011.02.24 12:52 B C:\filetoserver\index.php --> impulse2011.in /public_html index.php
2011.02.24 13:06 B C:\filetoserver\msgToUser.php --> impulse2011.in /public_html msgToUser.php
2011.02.24 13:08 B C:\filetoserver\msgToUser.php --> impulse2011.in /public_html msgToUser.php
2011.02.24 13:20 B C:\filetoserver\irobotics.php --> impulse2011.in /public_html irobotics.php
2011.02.24 13:24 B C:\filetoserver\irobotics.php --> impulse2011.in /public_html irobotics.php
2011.02.24 13:28 B C:\filetoserver\irobotics.php --> impulse2011.in /public_html irobotics.php
2011.02.24 13:30 B C:\filetoserver\irobotics.php --> impulse2011.in /public_html irobotics.php
2011.02.24 13:34 B C:\filetoserver\iquiz.php --> impulse2011.in /public_html iquiz.php
2011.02.24 13:51 B C:\filetoserver\ipaperpresentation.php --> impulse2011.in /public_html ipaperpresentation.php
2011.02.24 13:51 B C:\filetoserver\paperpresentation.php --> impulse2011.in /public_html paperpresentation.php
2011.02.24 13:57 B C:\filetoserver\ipaperpresentation.php --> impulse2011.in /public_html ipaperpresentation.php
2011.02.24 14:01 B C:\filetoserver\ipaperpresentation.php --> impulse2011.in /public_html ipaperpresentation.php
2011.02.24 14:01 B C:\filetoserver\maxUpload.class.php --> impulse2011.in /public_html maxUpload.class.php
2011.02.24 15:42 B C:\filetoserver\index.php --> impulse2011.in /public_html index.php
2011.02.25 00:33 B C:\filetoserver\contact.php --> impulse2011.in /www contact.php
2011.02.25 00:33 B C:\filetoserver\games.php --> impulse2011.in /www games.php
2011.02.25 00:33 B C:\filetoserver\home.php --> impulse2011.in /www home.php
2011.02.25 00:33 B C:\filetoserver\icontact.php --> impulse2011.in /www icontact.php
2011.02.25 00:33 B C:\filetoserver\igames.php --> impulse2011.in /www igames.php
2011.02.25 00:33 B C:\filetoserver\index.php --> impulse2011.in /www index.php
2011.02.25 00:33 B C:\filetoserver\ipaperpresentation.php --> impulse2011.in /www ipaperpresentation.php
2011.02.25 00:33 B C:\filetoserver\iquiz.php --> impulse2011.in /www iquiz.php
2011.02.25 00:33 B C:\filetoserver\irobotics.php --> impulse2011.in /www irobotics.php
2011.02.25 00:33 B C:\filetoserver\ischedule.php --> impulse2011.in /www ischedule.php
2011.02.25 00:33 B C:\filetoserver\paperpresentation.php --> impulse2011.in /www paperpresentation.php
2011.02.25 00:34 B C:\filetoserver\quiz.php --> impulse2011.in /www quiz.php
2011.02.25 00:34 B C:\filetoserver\roadmap.php --> impulse2011.in /www roadmap.php
2011.02.25 00:34 B C:\filetoserver\robotics.php --> impulse2011.in /www robotics.php
2011.02.25 00:34 B C:\filetoserver\robotics.php.bak --> impulse2011.in /www robotics.php.bak
2011.02.25 00:34 B C:\filetoserver\schedule.php --> impulse2011.in /www schedule.php
2011.02.25 01:01 B C:\filetoserver\roadmap.php --> impulse2011.in /public_html roadmap.php
2011.02.26 02:32 B C:\filetoserver\schedule.php --> impulse2011.in /public_html schedule.php
2011.02.26 02:37 B C:\filetoserver\register.php --> impulse2011.in /public_html register.php
2011.02.26 16:24 B C:\filetoserver\contact.php --> impulse2011.in /public_html contact.php
2011.02.26 16:25 B C:\filetoserver\games.php --> impulse2011.in /public_html games.php
2011.02.26 16:25 B C:\filetoserver\home.php --> impulse2011.in /public_html home.php
2011.02.26 16:25 B C:\filetoserver\icontact.php --> impulse2011.in /public_html icontact.php
2011.02.26 16:25 B C:\filetoserver\igames.php --> impulse2011.in /public_html igames.php
2011.02.26 16:25 B C:\filetoserver\index.php --> impulse2011.in /public_html index.php
2011.02.26 16:25 B C:\filetoserver\ipaperpresentation.php --> impulse2011.in /public_html ipaperpresentation.php
2011.02.26 16:25 B C:\filetoserver\iquiz.php --> impulse2011.in /public_html iquiz.php
2011.02.26 16:25 B C:\filetoserver\irobotics.php --> impulse2011.in /public_html irobotics.php
2011.02.26 16:25 B C:\filetoserver\ischedule.php --> impulse2011.in /public_html ischedule.php
2011.02.26 16:25 B C:\filetoserver\login.php --> impulse2011.in /public_html login.php
2011.02.26 16:25 B C:\filetoserver\msgToUser.php --> impulse2011.in /public_html msgToUser.php
2011.02.26 16:25 B C:\filetoserver\paperpresentation.php --> impulse2011.in /public_html paperpresentation.php
2011.02.26 16:26 B C:\filetoserver\quiz.php --> impulse2011.in /public_html quiz.php
2011.02.26 16:26 B C:\filetoserver\register.php --> impulse2011.in /public_html register.php
2011.02.26 16:26 B C:\filetoserver\roadmap.php --> impulse2011.in /public_html roadmap.php
2011.02.26 16:26 B C:\filetoserver\robotics.php --> impulse2011.in /public_html robotics.php
2011.02.26 16:26 B C:\filetoserver\schedule.php --> impulse2011.in /public_html schedule.php
2011.02.26 20:28 B C:\filetoserver\iquiz.php --> impulse2011.in /public_html iquiz.php
2011.02.26 20:48 B C:\filetoserver\iquiz.php --> impulse2011.in / iquiz.php
2011.02.26 20:49 B C:\filetoserver\iquiz.php --> impulse2011.in /public_html iquiz.php
2011.02.26 21:01 B C:\filetoserver\igames.php --> impulse2011.in /public_html igames.php
2011.02.26 23:53 B C:\filetoserver\ipaperpresentation.php --> impulse2011.in /public_html ipaperpresentation.php
2011.02.27 18:03 B C:\filetoserver\callofduty.php --> impulse2011.in /public_html callofduty.php
2011.02.27 18:03 B C:\filetoserver\contact.php --> impulse2011.in /public_html contact.php
2011.02.27 18:03 B C:\filetoserver\counterstrike.php --> impulse2011.in /public_html counterstrike.php
2011.02.27 18:03 B C:\filetoserver\eventregistration.php --> impulse2011.in /public_html eventregistration.php
2011.02.27 18:03 B C:\filetoserver\games.php --> impulse2011.in /public_html games.php
2011.02.27 18:05 B C:\filetoserver\home.php --> impulse2011.in /public_html home.php
2011.02.27 18:05 B C:\filetoserver\icallofduty.php --> impulse2011.in /public_html icallofduty.php
2011.02.27 18:05 B C:\filetoserver\icontact.php --> impulse2011.in /public_html icontact.php
2011.02.27 18:06 B C:\filetoserver\icounterstrike.php --> impulse2011.in /public_html icounterstrike.php
2011.02.27 18:06 B C:\filetoserver\igames.php --> impulse2011.in /public_html igames.php
2011.02.27 18:06 B C:\filetoserver\index.php --> impulse2011.in /public_html index.php
2011.02.27 18:06 B C:\filetoserver\ipaperpresentation.php --> impulse2011.in /public_html ipaperpresentation.php
2011.02.27 18:06 B C:\filetoserver\iquiz.php --> impulse2011.in /public_html iquiz.php
2011.02.27 18:06 B C:\filetoserver\irobolane.php --> impulse2011.in /public_html irobolane.php
2011.02.27 18:06 B C:\filetoserver\irobopolo.php --> impulse2011.in /public_html irobopolo.php
2011.02.27 18:06 B C:\filetoserver\irobotics.php --> impulse2011.in /public_html irobotics.php
2011.02.27 18:06 B C:\filetoserver\ischedule.php --> impulse2011.in /public_html ischedule.php
2011.02.27 18:06 B C:\filetoserver\msgToUser.php --> impulse2011.in /public_html msgToUser.php
2011.02.27 18:06 B C:\filetoserver\paperpresentation.php --> impulse2011.in /public_html paperpresentation.php
2011.02.27 18:06 B C:\filetoserver\quiz.php --> impulse2011.in /public_html quiz.php
2011.02.27 18:07 B C:\filetoserver\register.php --> impulse2011.in /public_html register.php
2011.02.27 18:07 B C:\filetoserver\roadmap.php --> impulse2011.in /public_html roadmap.php
2011.02.27 18:07 B C:\filetoserver\robolane.php --> impulse2011.in /public_html robolane.php
2011.02.27 18:07 B C:\filetoserver\robopolo.php --> impulse2011.in /public_html robopolo.php
2011.02.27 18:07 B C:\filetoserver\robotics.php --> impulse2011.in /public_html robotics.php
2011.02.27 18:07 B C:\filetoserver\schedule.php --> impulse2011.in /public_html schedule.php
2011.02.27 18:07 B C:\filetoserver\style.css --> impulse2011.in /public_html style.css
2011.02.27 18:10 B C:\filetoserver\index.php --> impulse2011.in /public_html index.php
2011.02.27 20:30 B C:\filetoserver\icallofduty.php --> impulse2011.in /public_html icallofduty.php
2011.02.27 20:30 B C:\filetoserver\icounterstrike.php --> impulse2011.in /public_html icounterstrike.php
2011.02.27 20:30 B C:\filetoserver\igames.php --> impulse2011.in /public_html igames.php
2011.02.27 20:30 B C:\filetoserver\ipaperpresentation.php --> impulse2011.in /public_html ipaperpresentation.php
2011.02.27 20:30 B C:\filetoserver\iquiz.php --> impulse2011.in /public_html iquiz.php
2011.02.27 20:31 B C:\filetoserver\irobolane.php --> impulse2011.in /public_html irobolane.php
2011.02.27 20:31 B C:\filetoserver\irobopolo.php --> impulse2011.in /public_html irobopolo.php
2011.02.27 20:31 B C:\filetoserver\irobotics.php --> impulse2011.in /public_html irobotics.php
2011.02.27 20:35 B C:\filetoserver\ipaperpresentation.php --> impulse2011.in /public_html ipaperpresentation.php
2011.02.27 22:21 B C:\filetoserver\ipaperpresentation.php --> impulse2011.in /public_html ipaperpresentation.php
2011.02.27 22:21 B C:\filetoserver\paperpresentation.php --> impulse2011.in /public_html paperpresentation.php
2011.02.27 23:49 B C:\filetoserver\ipaperpresentation.php --> impulse2011.in /public_html ipaperpresentation.php
2011.02.28 01:07 B C:\filetoserver\contact.php --> impulse2011.in /public_html contact.php
2011.02.28 01:07 B C:\filetoserver\icontact.php --> impulse2011.in /public_html icontact.php
2011.02.28 02:03 B C:\filetoserver\ischedule.php --> impulse2011.in /public_html ischedule.php
2011.02.28 02:03 B C:\filetoserver\schedule.php --> impulse2011.in /public_html schedule.php
2011.02.28 18:34 B C:\filetoserver\99.jpeg --> impulse2011.in /public_html 99.jpeg
2011.02.28 18:34 B C:\filetoserver\add_comment.php --> impulse2011.in /public_html add_comment.php
2011.02.28 18:34 B C:\filetoserver\contact.php --> impulse2011.in /public_html contact.php
2011.02.28 18:34 B C:\filetoserver\dbcon.php --> impulse2011.in /public_html dbcon.php
2011.02.28 18:34 B C:\filetoserver\delete.php --> impulse2011.in /public_html delete.php
2011.02.28 18:34 B C:\filetoserver\delete_comment.php --> impulse2011.in /public_html delete_comment.php
2011.02.28 18:34 B C:\filetoserver\forum.php --> impulse2011.in /public_html forum.php
2011.02.28 18:34 B C:\filetoserver\icontact.php --> impulse2011.in /public_html icontact.php
2011.02.28 18:34 B C:\filetoserver\jquery-1.2.6.min.js --> impulse2011.in /public_html jquery-1.2.6.min.js
2011.02.28 18:34 B C:\filetoserver\jquery.elastic.js --> impulse2011.in /public_html jquery.elastic.js
2011.02.28 18:35 B C:\filetoserver\jquery.livequery.js --> impulse2011.in /public_html jquery.livequery.js
2011.02.28 18:35 B C:\filetoserver\jquery.watermarkinput.js --> impulse2011.in /public_html jquery.watermarkinput.js
2011.02.28 18:35 B C:\filetoserver\jquery_popuptest.php --> impulse2011.in /public_html jquery_popuptest.php
2011.02.28 18:35 B C:\filetoserver\posts.php --> impulse2011.in /public_html posts.php
2011.02.28 18:35 B C:\filetoserver\small.png --> impulse2011.in /public_html small.png
2011.02.28 18:35 B C:\filetoserver\template.php --> impulse2011.in /public_html template.php
2011.02.28 18:51 B C:\filetoserver\forum.php --> impulse2011.in /public_html forum.php
2011.02.28 23:12 B C:\filetoserver\forum.php --> impulse2011.in /public_html forum.php
2011.02.28 23:40 B C:\filetoserver\forum.php --> impulse2011.in /public_html forum.php
2011.02.28 23:43 B C:\filetoserver\forum.php --> impulse2011.in /public_html forum.php
2011.03.02 22:47 B C:\filetoserver\home.php --> impulse2011.in /public_html home.php
2011.03.02 22:47 B C:\filetoserver\index.php --> impulse2011.in /public_html index.php
2011.03.02 22:47 B C:\filetoserver\irobolane.php --> impulse2011.in /public_html irobolane.php
2011.03.02 22:47 B C:\filetoserver\irobopolo.php --> impulse2011.in /public_html irobopolo.php
2011.03.02 22:47 B C:\filetoserver\irobotics.php --> impulse2011.in /public_html irobotics.php
2011.03.02 22:47 B C:\filetoserver\robolane.php --> impulse2011.in /public_html robolane.php
2011.03.02 22:47 B C:\filetoserver\robopolo.php --> impulse2011.in /public_html robopolo.php
2011.03.02 22:47 B C:\filetoserver\robotics.php --> impulse2011.in /public_html robotics.php
2011.03.02 22:51 B C:\filetoserver\icallofduty.php --> impulse2011.in /public_html icallofduty.php
2011.03.02 23:10 B C:\filetoserver\index.php --> impulse2011.in /public_html index.php
2011.03.02 23:20 B C:\filetoserver\ipaperpresentation.php --> impulse2011.in /public_html ipaperpresentation.php
2011.03.02 23:20 B C:\filetoserver\paperpresentation.php --> impulse2011.in /public_html paperpresentation.php
2011.03.05 13:08 B C:\filetoserver\irobolane.php --> impulse2011.in /public_html irobolane.php
2011.03.05 13:08 B C:\filetoserver\irobopolo.php --> impulse2011.in /public_html irobopolo.php
2011.03.05 13:09 B C:\filetoserver\irobotics.php --> impulse2011.in /public_html irobotics.php
2011.03.05 13:09 B C:\filetoserver\robolane.php --> impulse2011.in /public_html robolane.php
2011.03.05 13:09 B C:\filetoserver\robopolo.php --> impulse2011.in /public_html robopolo.php
2011.03.05 13:09 B C:\filetoserver\robotics.php --> impulse2011.in /public_html robotics.php
2011.03.05 19:48 B C:\filetoserver\index.php --> impulse2011.in /public_html index.php
2011.03.05 19:50 B C:\filetoserver\register.php --> impulse2011.in /public_html register.php
2011.03.05 20:04 B C:\filetoserver\login.php --> impulse2011.in /public_html login.php
2011.03.06 19:40 B C:\filetoserver\ipaperpresentation.php --> impulse2011.in /public_html ipaperpresentation.php
2011.03.07 12:54 B C:\filetoserver\callofduty.php --> impulse2011.in /public_html callofduty.php
2011.03.09 23:09 B C:\filetoserver\home.php --> impulse2011.in /public_html home.php
2011.03.09 23:09 B C:\filetoserver\index.php --> impulse2011.in /public_html index.php
2011.03.09 23:33 B C:\filetoserver\ipaperpresentation.php --> impulse2011.in /public_html ipaperpresentation.php
2011.03.09 23:33 B C:\filetoserver\paperpresentation.php --> impulse2011.in /public_html paperpresentation.php
2011.03.10 20:53 B C:\filetoserver\ipaperpresentation.php --> impulse2011.in /public_html ipaperpresentation.php
2011.03.10 20:53 B C:\filetoserver\paperpresentation.php --> impulse2011.in /public_html paperpresentation.php
2011.03.11 20:18 B C:\filetoserver\attractions.php --> impulse2011.in /public_html attractions.php
2011.03.11 20:18 B C:\filetoserver\fifa.php --> impulse2011.in /public_html fifa.php
2011.03.11 20:18 B C:\filetoserver\ififa.php --> impulse2011.in /public_html ififa.php
2011.03.11 20:18 B C:\filetoserver\ismackdown.php --> impulse2011.in /public_html ismackdown.php
2011.03.11 20:18 B C:\filetoserver\smackdown.php --> impulse2011.in /public_html smackdown.php
2011.03.11 20:47 B C:\filetoserver\register.php --> impulse2011.in /public_html register.php
2011.03.12 01:49 B C:\filetoserver\ischedule.php --> impulse2011.in /public_html ischedule.php
2011.03.12 01:49 B C:\filetoserver\schedule.php --> impulse2011.in /public_html schedule.php
2011.03.12 13:02 B C:\filetoserver\index.php --> impulse2011.in /public_html index.php
