2011.02.24 06:00 B C:\filetoserver\images\avatar1.jpg --> impulse2011.in /public_html/images avatar1.jpg
2011.02.24 06:00 B C:\filetoserver\images\avatar2.gif --> impulse2011.in /public_html/images avatar2.gif
2011.02.24 06:01 B C:\filetoserver\images\bg.gif --> impulse2011.in /public_html/images bg.gif
2011.02.24 06:01 B C:\filetoserver\images\bullet.gif --> impulse2011.in /public_html/images bullet.gif
2011.02.24 06:01 B C:\filetoserver\images\but1.gif --> impulse2011.in /public_html/images but1.gif
2011.02.24 06:01 B C:\filetoserver\images\but2.gif --> impulse2011.in /public_html/images but2.gif
2011.02.24 06:01 B C:\filetoserver\images\but3.gif --> impulse2011.in /public_html/images but3.gif
2011.02.24 06:01 B C:\filetoserver\images\but4.gif --> impulse2011.in /public_html/images but4.gif
2011.02.24 06:01 B C:\filetoserver\images\but5.gif --> impulse2011.in /public_html/images but5.gif
2011.02.24 06:01 B C:\filetoserver\images\but6.gif --> impulse2011.in /public_html/images but6.gif
2011.02.24 06:01 B C:\filetoserver\images\button.gif --> impulse2011.in /public_html/images button.gif
2011.02.24 06:01 B C:\filetoserver\images\categories_bg.gif --> impulse2011.in /public_html/images categories_bg.gif
2011.02.24 06:01 B C:\filetoserver\images\date_bg.gif --> impulse2011.in /public_html/images date_bg.gif
2011.02.24 06:01 B C:\filetoserver\images\dots.gif --> impulse2011.in /public_html/images dots.gif
2011.02.24 06:01 B C:\filetoserver\images\footer_bg.jpg --> impulse2011.in /public_html/images footer_bg.jpg
2011.02.24 06:01 B C:\filetoserver\images\go.gif --> impulse2011.in /public_html/images go.gif
2011.02.24 06:01 B C:\filetoserver\images\h_bg.jpg --> impulse2011.in /public_html/images h_bg.jpg
2011.02.24 06:01 B C:\filetoserver\images\header_bg.jpg --> impulse2011.in /public_html/images header_bg.jpg
2011.02.24 06:02 B C:\filetoserver\images\photo1.jpg --> impulse2011.in /public_html/images photo1.jpg
2011.02.24 06:02 B C:\filetoserver\images\photo2.jpg --> impulse2011.in /public_html/images photo2.jpg
2011.02.24 06:02 B C:\filetoserver\images\pic1.jpg --> impulse2011.in /public_html/images pic1.jpg
2011.02.24 06:02 B C:\filetoserver\images\search_bg.jpg --> impulse2011.in /public_html/images search_bg.jpg
2011.02.24 06:02 B C:\filetoserver\images\spacer.gif --> impulse2011.in /public_html/images spacer.gif
2011.02.24 06:02 B C:\filetoserver\images\title1.gif --> impulse2011.in /public_html/images title1.gif
2011.02.24 06:02 B C:\filetoserver\images\title2.gif --> impulse2011.in /public_html/images title2.gif
2011.02.24 06:02 B C:\filetoserver\images\title3.gif --> impulse2011.in /public_html/images title3.gif
2011.02.24 06:02 B C:\filetoserver\images\title4.gif --> impulse2011.in /public_html/images title4.gif
2011.02.24 10:13 B C:\filetoserver\images\but2.gif --> impulse2011.in /images but2.gif
2011.02.24 10:13 B C:\filetoserver\images\but2.jpg --> impulse2011.in /images but2.jpg
2011.02.24 10:13 B C:\filetoserver\images\but2d.gif --> impulse2011.in /images but2d.gif
2011.02.24 10:14 B C:\filetoserver\images\but3.gif --> impulse2011.in /images but3.gif
2011.02.24 10:14 B C:\filetoserver\images\but3d.gif --> impulse2011.in /images but3d.gif
2011.02.24 10:14 B C:\filetoserver\images\but4.gif --> impulse2011.in /images but4.gif
2011.02.24 10:14 B C:\filetoserver\images\but4d.gif --> impulse2011.in /images but4d.gif
2011.02.24 10:14 B C:\filetoserver\images\fblogo.png --> impulse2011.in /images fblogo.png
2011.02.24 10:14 B C:\filetoserver\images\forum copy.jpg --> impulse2011.in /images forum copy.jpg
2011.02.24 10:15 B C:\filetoserver\images\header_bg.jpg --> impulse2011.in /images header_bg.jpg
2011.02.24 10:15 B C:\filetoserver\images\orkutlogo.png --> impulse2011.in /images orkutlogo.png
2011.02.24 10:15 B C:\filetoserver\images\twitterlogo.png --> impulse2011.in /images twitterlogo.png
2011.02.24 10:15 B C:\filetoserver\images\WS_FTP.LOG --> impulse2011.in /images WS_FTP.LOG
2011.02.24 10:18 B C:\filetoserver\images\but2.jpg --> impulse2011.in /public_html/images but2.jpg
2011.02.24 10:18 B C:\filetoserver\images\but2d.gif --> impulse2011.in /public_html/images but2d.gif
2011.02.24 10:18 B C:\filetoserver\images\but3d.gif --> impulse2011.in /public_html/images but3d.gif
2011.02.24 10:18 B C:\filetoserver\images\but4d.gif --> impulse2011.in /public_html/images but4d.gif
2011.02.24 10:18 B C:\filetoserver\images\fblogo.png --> impulse2011.in /public_html/images fblogo.png
2011.02.24 10:18 B C:\filetoserver\images\forum copy.jpg --> impulse2011.in /public_html/images forum copy.jpg
2011.02.24 10:18 B C:\filetoserver\images\orkutlogo.png --> impulse2011.in /public_html/images orkutlogo.png
2011.02.24 10:18 B C:\filetoserver\images\twitterlogo.png --> impulse2011.in /public_html/images twitterlogo.png
2011.02.24 10:18 B C:\filetoserver\images\WS_FTP.LOG --> impulse2011.in /public_html/images WS_FTP.LOG
2011.02.24 10:22 B C:\filetoserver\images\header_bg.jpg --> impulse2011.in /public_html/images header_bg.jpg
2011.02.24 10:41 B C:\filetoserver\images\WS_FTP.LOG --> impulse2011.in /public_html/images WS_FTP.LOG
2011.02.24 10:51 B C:\filetoserver\images\bg.gif --> impulse2011.in /www/images bg.gif
2011.02.24 10:51 B C:\filetoserver\images\bullet.gif --> impulse2011.in /www/images bullet.gif
2011.02.24 10:51 B C:\filetoserver\images\but1.gif --> impulse2011.in /www/images but1.gif
2011.02.24 10:51 B C:\filetoserver\images\but2.gif --> impulse2011.in /www/images but2.gif
2011.02.24 10:52 B C:\filetoserver\images\but3.gif --> impulse2011.in /www/images but3.gif
2011.02.24 10:52 B C:\filetoserver\images\but4.gif --> impulse2011.in /www/images but4.gif
2011.02.24 10:52 B C:\filetoserver\images\but5.gif --> impulse2011.in /www/images but5.gif
2011.02.24 10:52 B C:\filetoserver\images\but6.gif --> impulse2011.in /www/images but6.gif
2011.02.24 10:52 B C:\filetoserver\images\button.gif --> impulse2011.in /www/images button.gif
2011.02.24 10:52 B C:\filetoserver\images\categories_bg.gif --> impulse2011.in /www/images categories_bg.gif
2011.02.24 10:52 B C:\filetoserver\images\date_bg.gif --> impulse2011.in /www/images date_bg.gif
2011.02.24 10:52 B C:\filetoserver\images\dots.gif --> impulse2011.in /www/images dots.gif
2011.02.24 10:52 B C:\filetoserver\images\fblogo.png --> impulse2011.in /www/images fblogo.png
2011.02.24 10:52 B C:\filetoserver\images\footer_bg.jpg --> impulse2011.in /www/images footer_bg.jpg
2011.02.24 10:52 B C:\filetoserver\images\forum copy.jpg --> impulse2011.in /www/images forum copy.jpg
2011.02.24 10:52 B C:\filetoserver\images\go.gif --> impulse2011.in /www/images go.gif
2011.02.24 10:52 B C:\filetoserver\images\h_bg.jpg --> impulse2011.in /www/images h_bg.jpg
2011.02.24 10:53 B C:\filetoserver\images\header_bg.jpg --> impulse2011.in /www/images header_bg.jpg
2011.02.24 10:53 B C:\filetoserver\images\orkutlogo.png --> impulse2011.in /www/images orkutlogo.png
2011.02.24 10:53 B C:\filetoserver\images\pic1.jpg --> impulse2011.in /www/images pic1.jpg
2011.02.24 10:53 B C:\filetoserver\images\search_bg.jpg --> impulse2011.in /www/images search_bg.jpg
2011.02.24 10:53 B C:\filetoserver\images\spacer.gif --> impulse2011.in /www/images spacer.gif
2011.02.24 10:53 B C:\filetoserver\images\title1.gif --> impulse2011.in /www/images title1.gif
2011.02.24 10:53 B C:\filetoserver\images\title2.gif --> impulse2011.in /www/images title2.gif
2011.02.24 10:53 B C:\filetoserver\images\title3.gif --> impulse2011.in /www/images title3.gif
2011.02.24 10:53 B C:\filetoserver\images\twitterlogo.png --> impulse2011.in /www/images twitterlogo.png
2011.02.24 10:53 B C:\filetoserver\images\WS_FTP.LOG --> impulse2011.in /www/images WS_FTP.LOG
2011.02.25 00:26 B C:\filetoserver\images\but5.gif --> impulse2011.in /www/images but5.gif
2011.02.25 00:27 B C:\filetoserver\images\but55.gif --> impulse2011.in /www/images but55.gif
2011.02.25 00:28 B C:\filetoserver\images\cd.jpg --> impulse2011.in /www/images cd.jpg
2011.02.25 00:29 B C:\filetoserver\images\cs.jpg --> impulse2011.in /www/images cs.jpg
2011.02.25 00:29 B C:\filetoserver\images\nfs.jpg --> impulse2011.in /www/images nfs.jpg
2011.02.25 00:29 B C:\filetoserver\images\paperpresentation.jpg --> impulse2011.in /www/images paperpresentation.jpg
2011.02.25 00:29 B C:\filetoserver\images\pic1.jpg --> impulse2011.in /www/images pic1.jpg
2011.02.25 00:29 B C:\filetoserver\images\quiz.jpg --> impulse2011.in /www/images quiz.jpg
2011.02.25 00:29 B C:\filetoserver\images\robotics.jpg --> impulse2011.in /www/images robotics.jpg
2011.02.25 01:45 B C:\filetoserver\images\but55.gif --> impulse2011.in /www/images but55.gif
2011.02.25 01:49 B C:\filetoserver\images\header_bg.jpg --> impulse2011.in /www/images header_bg.jpg
2011.02.25 01:50 B C:\filetoserver\images\but55.gif --> impulse2011.in /www/images but55.gif
2011.02.25 01:59 B C:\filetoserver\images\but55.gif --> impulse2011.in /www/images but55.gif
2011.02.25 02:00 B C:\filetoserver\images\header_bg.jpg --> impulse2011.in /www/images header_bg.jpg
2011.02.26 16:28 B C:\filetoserver\images\close.png --> impulse2011.in /www/images close.png
2011.02.27 17:44 B C:\filetoserver\images\cs.jpg --> impulse2011.in /www/images cs.jpg
2011.02.27 17:44 B C:\filetoserver\images\nfs.jpg --> impulse2011.in /www/images nfs.jpg
2011.02.27 17:44 B C:\filetoserver\images\quiz.jpg --> impulse2011.in /www/images quiz.jpg
2011.02.27 17:44 B C:\filetoserver\images\robolane.jpg --> impulse2011.in /www/images robolane.jpg
2011.02.27 17:44 B C:\filetoserver\images\robolanebridge.jpg --> impulse2011.in /www/images robolanebridge.jpg
2011.02.27 17:44 B C:\filetoserver\images\robolanetop.jpg --> impulse2011.in /www/images robolanetop.jpg
2011.02.27 17:44 B C:\filetoserver\images\robopolo.jpg --> impulse2011.in /www/images robopolo.jpg
2011.02.27 17:45 B C:\filetoserver\images\robotics.jpg --> impulse2011.in /www/images robotics.jpg
2011.03.02 22:42 B C:\filetoserver\images\robolane.jpg --> impulse2011.in /www/images robolane.jpg
2011.03.02 22:42 B C:\filetoserver\images\robolanebridge.jpg --> impulse2011.in /www/images robolanebridge.jpg
2011.03.02 22:43 B C:\filetoserver\images\robolanetop.jpg --> impulse2011.in /www/images robolanetop.jpg
2011.03.02 22:52 B C:\filetoserver\images\cd.jpg --> impulse2011.in /www/images cd.jpg
2011.03.02 23:09 B C:\filetoserver\images\stake.png --> impulse2011.in /www/images stake.png
2011.03.11 20:16 B C:\filetoserver\images\but66.gif --> impulse2011.in /www/images but66.gif
2011.03.11 20:16 B C:\filetoserver\images\fifa.jpg --> impulse2011.in /www/images fifa.jpg
2011.03.11 20:16 B C:\filetoserver\images\smackdown.jpg --> impulse2011.in /www/images smackdown.jpg
2011.03.11 20:24 B C:\filetoserver\images\inception.png --> impulse2011.in /www/images inception.png
2011.03.11 20:24 B C:\filetoserver\images\moksha.jpg --> impulse2011.in /www/images moksha.jpg
2011.03.11 20:27 B C:\filetoserver\images\inception.png --> impulse2011.in /www/images inception.png
2011.03.11 20:28 B C:\filetoserver\images\moksha.jpg --> impulse2011.in /www/images moksha.jpg
2011.03.11 20:34 B C:\filetoserver\images\inception.png --> impulse2011.in /www/images inception.png
2011.03.11 20:35 B C:\filetoserver\images\moksha.jpg --> impulse2011.in /www/images moksha.jpg
