2011.02.24 06:04 B C:\filetoserver\scripts\checkuser1_log.php --> impulse2011.in /public_html/scripts checkuser1_log.php
2011.02.24 06:04 B C:\filetoserver\scripts\checkuserlog.php --> impulse2011.in /public_html/scripts checkuserlog.php
2011.02.24 06:04 B C:\filetoserver\scripts\connect_to_mysql.php --> impulse2011.in /public_html/scripts connect_to_mysql.php
2011.02.24 11:00 B C:\filetoserver\scripts\checkuserlog.php --> impulse2011.in /www checkuserlog.php
2011.02.24 12:43 B C:\filetoserver\scripts\checkuserlog.php --> impulse2011.in /public_html/scripts checkuserlog.php
2011.02.24 13:42 B C:\filetoserver\scripts\checkuser1_log.php --> impulse2011.in /public_html/scripts checkuser1_log.php
2011.02.24 13:42 B C:\filetoserver\scripts\checkuserlog.php --> impulse2011.in /public_html/scripts checkuserlog.php
2011.02.24 13:42 B C:\filetoserver\scripts\WS_FTP.LOG --> impulse2011.in /public_html/scripts WS_FTP.LOG
2011.02.24 13:44 B C:\filetoserver\scripts\checkuser1_log.php --> impulse2011.in /public_html/scripts checkuser1_log.php
2011.02.24 13:55 B C:\filetoserver\scripts\checkuser1_log.php --> impulse2011.in /public_html/scripts checkuser1_log.php
2011.02.24 13:55 B C:\filetoserver\scripts\checkuserlog.php --> impulse2011.in /public_html/scripts checkuserlog.php
2011.02.24 14:05 B C:\filetoserver\scripts\checkuserlog.php --> impulse2011.in /public_html/scripts checkuserlog.php
2011.02.25 00:30 B C:\filetoserver\scripts\checkuser1_log.php --> impulse2011.in /www/scripts checkuser1_log.php
2011.02.25 00:30 B C:\filetoserver\scripts\checkuserlog.php --> impulse2011.in /www/scripts checkuserlog.php
2011.02.26 01:23 B C:\filetoserver\scripts\connect_to_mysql.php --> impulse2011.in /public_html/scripts connect_to_mysql.php
2011.02.26 02:24 B C:\filetoserver\scripts\connect_to_mysql.php --> impulse2011.in /public_html/scripts connect_to_mysql.php
2011.02.27 17:45 B C:\filetoserver\scripts\checkuser1_log.php --> impulse2011.in /www/scripts checkuser1_log.php
2011.02.27 17:45 B C:\filetoserver\scripts\checkuserlog.php --> impulse2011.in /www/scripts checkuserlog.php
2011.02.28 18:38 B C:\filetoserver\scripts\checkuser1_log.php --> impulse2011.in /public_html/scripts checkuser1_log.php
2011.02.28 18:38 B C:\filetoserver\scripts\checkuserlog.php --> impulse2011.in /public_html/scripts checkuserlog.php
2011.02.28 18:38 B C:\filetoserver\scripts\checkuser1_log.php --> impulse2011.in /public_html/scripts checkuser1_log.php
2011.02.28 18:38 B C:\filetoserver\scripts\checkuserlog.php --> impulse2011.in /public_html/scripts checkuserlog.php
2011.03.06 22:44 B C:\filetoserver\scripts\checkuser1_log.php --> impulse2011.in /public_html/scripts checkuser1_log.php
2011.03.06 22:44 B C:\filetoserver\scripts\checkuserlog.php --> impulse2011.in /public_html/scripts checkuserlog.php
2011.03.11 20:40 B C:\filetoserver\scripts\checkuser1_log.php --> impulse2011.in /public_html/scripts checkuser1_log.php
2011.03.11 20:40 B C:\filetoserver\scripts\checkuserlog.php --> impulse2011.in /public_html/scripts checkuserlog.php
